{"C:\\laragon\\www\\Sistem_Maklumat_Pelajar\\js\\utiliti.js": {"path":"C:\\laragon\\www\\Sistem_Maklumat_Pelajar\\js\\utiliti.js","statementMap":{"0":{"start":{"line":2,"column":4},"end":{"line":2,"column":17}},"1":{"start":{"line":5,"column":0},"end":{"line":7,"column":2}}},"fnMap":{"0":{"name":"tambah","decl":{"start":{"line":1,"column":9},"end":{"line":1,"column":15}},"loc":{"start":{"line":1,"column":22},"end":{"line":3,"column":1}},"line":1}},"branchMap":{},"s":{"0":1,"1":1},"f":{"0":1},"b":{},"_coverageSchema":"1a1c01bbd47fc00a2c39e90264f33305004495a9","hash":"f31d4466a9bc5fa73bd934d41d7545c83595e679"}
}
